<?xml version="1.0" encoding="UTF-8"?>
<!-- Generated by org.testng.reporters.JUnitReportReporter -->
<testsuite hostname="Sujith" failures="0" tests="2" name="testCases.Elements" time="3.581" errors="0" timestamp="2023-04-10T12:20:13 IST" skipped="0">
  <testcase classname="testCases.Elements" name="testbox" time="2.775"/>
  <system-out/>
  <testcase classname="testCases.Elements" name="checkbox" time="0.806"/>
  <system-out/>
</testsuite> <!-- testCases.Elements -->
