<?xml version="1.0" encoding="UTF-8"?>
<!-- Generated by org.testng.reporters.JUnitReportReporter -->
<testsuite hostname="Sujith" failures="0" tests="2" name="testCases.Elements" time="2.631" errors="0" timestamp="2023-04-11T19:53:25 IST" skipped="0">
  <testcase classname="testCases.Elements" name="testbox" time="1.984"/>
  <system-out/>
  <testcase classname="testCases.Elements" name="checkbox" time="0.647"/>
  <system-out/>
</testsuite> <!-- testCases.Elements -->
